 0,6  7740464  
 0,7  7754440  
 0,5  7743912  
 0,6  7762928  
 1,3  7789468  
 1,5  7788424  
 1,5  7797984  
 0,8  7776616  
 0,9  7785948  
 0,5  7785904  
 0,6  7785244  
 0,6  7776664  
 0,6  7792432  
 0,6  7786860  
 0,7  7789204  
 0,6  7796044  
 0,7  7812200  
 0,8  7823384  
 0,4  7837340  
 0,6  7828928  
 0,5  7818752  
 0,6  7820024  
 0,6  7825600  
 0,9  7845888  
 0,8  7838364  
 0,9  7859204  
 0,3  7839192  
 0,3  7844988  
 0,3  7848336  
 0,4  7854740  
 0,4  7857880  
 0,6  7862272  
 0,6  7867956  
 0,6  7875912  
 0,6  7877264  
 0,7  7881796  
 0,7  7886204  
 0,7  7891936  
 0,7  7895960  
 0,7  7901292  
 0,4  7868956  
 0,5  7875716  
 0,6  7884660  
 0,6  7884388  
 0,6  7889612  
 0,6  7896636  
 0,6  7901708  
 0,3  7881724  
 0,3  7888092  
 0,3  7887520  
 0,4  7894128  
 0,4  7900892  
 0,5  7908656  
 0,5  7909396  
 0,5  7913212  
 0,5  7914860  
 0,5  7921348  
 0,6  7924716  
 0,6  7930536  
 0,6  7931968  
 0,6  7938768  
 0,6  7939628  
 0,6  7944960  
 0,7  7949428  
 0,5  7891256  
 0,5  7895236  
 0,6  7895888  
 0,6  7902004  
 0,6  7903508  
 0,6  7907860  
 0,6  7912048  
 0,6  7919524  
 0,6  7921468  
 0,7  7926428  
 0,7  7927220  
 0,7  7932036  
 0,7  7936644  
 0,7  7940144  
 0,7  7944144  
 0,7  7949728  
 0,7  7953560  
 0,7  7954780  
 0,8  7886956  
 0,8  7894432  
 0,8  7895124  
 0,8  7898088  
 0,8  7903208  
 0,8  7908544  
 0,8  7911932  
 0,8  7919232  
 0,9  7922320  
 0,9  7932652  
 1,0  7934292  
 1,1  7938844  
 1,1  7943720  
 1,1  7947484  
 1,1  7959144  
 1,1  7963348  
 1,1  7965220  
 1,1  7968444  
 1,1  7975572  
 1,1  7977668  
 1,0  7980708  
 1,0  7988324  
 0,5  8027192  
 0,5  8032844  
 0,5  8034296  
 0,5  8038508  
 0,6  8042432  
 0,6  8048252  
 0,7  8018104  
 0,7  8024932  
 0,8  8026676  
 0,8  8034568  
 0,8  8038392  
 0,8  8045300  
 0,8  8049276  
 0,9  8054640  
 0,9  8061184  
 0,9  8066488  
 0,9  8064528  
 0,9  8073268  
 0,9  8075668  
 0,9  8081384  
 0,9  8084888  
 0,9  8093460  
 1,1  8097160  
 1,1  8102068  
 1,1  8105236  
 1,1  8107280  
 1,1  8112908  
 1,1  8117916  
 1,1  8123872  
 0,4  8063032  
 0,5  8068712  
 0,5  8072260  
 0,5  8075732  
 0,6  8079316  
 0,6  8082636  
 0,6  8086288  
 0,6  8089708  
 0,7  8092964  
 0,7  8096836  
 0,7  8105164  
 0,7  8109628  
 0,7  8113808  
 0,7  8117900  
 0,7  8123288  
 0,8  8131732  
 0,8  8137180  
 0,8  8138980  
 0,8  8142556  
 0,8  8146152  
 0,8  8152440  
 0,8  8156832  
 0,8  8164948  
 0,8  8168960  
 0,8  8170548  
 1,0  8173632  
 1,0  8174372  
 1,0  8178040  
 1,0  8180376  
 1,0  8183796  
 1,0  8185100  
 1,0  8188736  
 1,0  8192196  
 1,0  8195852  
 1,0  8197392  
 1,0  8200892  
 1,0  8202468  
 1,2  8202544  
 1,2  8205428  
 1,2  8206856  
 1,2  8210380  
 1,1  8212596  
 1,1  8216208  
 1,1  8218096  
 1,1  8214756  
 1,1  8161532  
 1,1  8163060  
 1,1  8164772  
 1,1  8165496  
 1,1  8167004  
 1,1  8167208  
 1,1  8168936  
 1,1  8170484  
 1,1  8172288  
 1,1  8175072  
 1,1  8177172  
 1,1  8178768  
 1,1  8179700  
 1,1  8181004  
 1,1  8183316  
 1,1  8185152  
 1,1  8187008  
 1,1  8191908  
 1,1  8193660  
 1,1  8195320  
 1,1  8197316  
 1,1  8196412  
 1,1  8198092  
 1,1  8198900  
 1,1  8200928  
 1,1  8204336  
 1,1  8206100  
 1,0  8208324  
 1,0  8210252  
 1,0  8211876  
 1,0  8213860  
 1,1  8213972  
 1,1  8216104  
 1,1  8225372  
 1,1  8234808  
 1,1  8230904  
 1,1  8232504  
 1,1  8235284  
 1,0  8237372  
 1,2  8238720  
 1,2  8240132  
 1,2  8241500  
 1,2  8241736  
 1,2  8243996  
 1,2  8245380  
 1,2  8247100  
 1,2  8247464  
 1,1  8248852  
 1,1  8250224  
 1,1  8251604  
 1,2  8253300  
 1,2  8255408  
 1,2  8257104  
 1,2  8258704  
 1,2  8261256  
 1,2  8272396  
 1,1  8263820  
 1,1  8265340  
 1,1  8266928  
 1,2  8269980  
 1,2  8272184  
 1,3  8274784  
 1,3  8276612  
 1,3  8277540  
 1,2  8279848  
 1,2  8281392  
 1,2  8283812  
 1,2  8285316  
 1,2  8287720  
 1,1  8289644  
 1,1  8291684  
 1,2  8293040  
 1,2  8294840  
 1,2  8296964  
 0,3  8064900  
 0,3  8070388  
 0,3  8071580  
 0,5  8085528  
 0,5  8091988  
 0,6  8103032  
 0,6  8106540  
 0,7  8112076  
 0,7  8115480  
 0,7  8121584  
 0,7  8127388  
 0,7  8131380  
 0,8  8137284  
 0,9  8149560  
 0,9  8151420  
 0,9  8154776  
 0,9  8156436  
 0,9  8160052  
 0,9  8162216  
 0,9  8163772  
 0,9  8167456  
 0,9  8169096  
 0,9  8172788  
 0,9  8172068  
 0,9  8173036  
 1,0  8175112  
 1,1  8180664  
 1,1  8179800  
 1,1  8184008  
 1,1  8185768  
 1,1  8189252  
 1,2  8191800  
 1,2  8195216  
 1,3  8195324  
 1,3  8198672  
 1,3  8200328  
 1,3  8203876  
 1,3  8205972  
 1,3  8209840  
 1,3  8211452  
 1,2  8213008  
 1,2  8216536  
 1,2  8218488  
 1,2  8222476  
 1,2  8223936  
 1,2  8208836  
 1,2  8163756  
 1,2  8164884  
 1,2  8169652  
 1,1  8172196  
 1,1  8173808  
 1,1  8174204  
 1,1  8175888  
 1,2  8177220  
 1,2  8179172  
 1,2  8181132  
 1,2  8183824  
 1,2  8186100  
 1,3  8186424  
 1,2  8184860  
 1,2  8186488  
 1,2  8187560  
 1,2  8187632  
 1,2  8189104  
 1,2  8190776  
 1,2  8192124  
 1,2  8194068  
 1,2  8196180  
 1,1  8200968  
 1,1  8202772  
 1,1  8201336  
 1,1  8202840  
 1,1  8204740  
 1,1  8206840  
 1,1  8208528  
 1,1  8210424  
 1,1  8210780  
 1,1  8213168  
 1,1  8215076  
 1,3  8216508  
 1,2  8218128  
 1,2  8220336  
 1,3  8221996  
 1,3  8223760  
 1,3  8225228  
 1,3  8227344  
 1,3  8228976  
 1,3  8230096  
 1,3  8232080  
 1,3  8233652  
 1,3  8235120  
 1,3  8236552  
 1,3  8238640  
 1,3  8239908  
 1,3  8242100  
 1,3  8243900  
 1,3  8244916  
 1,3  8246956  
 1,3  8245192  
 1,3  8247552  
 1,3  8251604  
 1,3  8253808  
: 2,   1889684 
: 2,   1895380 
: 1,   1956900 
: 1,   2056720 
: 1,   2062560 
: 1,   2068252 
: 1,   2069748 
: 1,   2071500 
: 1,   2073004 
: 1,   2074648 
: 2,   2078448 
: 2,   2080092 
: 2,   2083924 
: 2,   2085668 
 0,7   2442064 
 1,0   2445740 
 1,4   2449284 
 1,4   2450936 
 1,4   2454612 
 1,4   2456612 
 1,4   2458240 
 1,6   2463848 
 1,6   2467112 
 1,6   2467376 
 1,6   2469004 
 1,6   2472664 
 1,6   2474920 
 1,6   2476580 
 1,6   2478200 
 1,6   2482024 
 1,6   2485740 
 1,6   2487360 
 1,6   2489144 
 1,6   2490896 
 1,6   2494912 
 1,6   2467680 
 1,6   2468776 
 1,6   2470404 
 1,6   2472024 
 1,6   2474512 
 1,6   2477248 
 1,6   2478504 
 1,6   2480124 
 1,6   2481628 
 1,6   2483496 
 1,6   2485116 
 1,7   2486356 
 1,7   2487976 
 1,7   2489596 
 1,7   2491224 
 1,7   2492728 
 2,1   2546808 
 2,1   2547080 
 2,1   2548708 
 2,1   2550584 
 2,1   2552368 
 2,1   2554352 
 2,3   2556220 
 1,4   2512716 
 1,4   2516392 
 1,4   2518036 
 0,7   2443504 
 0,7   2447304 
 1,2   2450872 
 1,3   2452492 
 1,3   2454112 
 1,3   2455732 
 1,3   2459276 
 1,3   2461052 
 1,3   2464596 
 1,3   2466604 
 1,3   2468172 
 1,4   2469604 
 1,4   2471504 
 1,4   2475304 
 1,4   2479104 
 1,4   2482328 
 1,4   2484072 
 1,4   2487836 
 1,4   2489540 
 0,9   2453984 
 0,9   2457652 
 1,0   2459272 
 1,3   2459776 
 0,8   2486808 
 0,8   2492400 
 0,8   2494020 
 0,9   2495640 
 1,0   2497268 
 1,0   2499052 
 1,0   2502596 
 1,0   2504424 
 1,2   2508032 
 1,2   2509776 
 0,7   2380152 
 0,8   2383984 
 0,8   2385480 
 0,9   2386356 
 0,9   2390272 
 0,9   2391892 
 0,9   2393544 
 1,0   2397088 
 1,0   2398972 
 1,1   2400592 
 1,1   2404764 
 1,1   2406168 
 1,1   2409656 
1,27   1529308 
1,33   1533372 
1,33   1535124 
1,39   1539244 
1,39   1541072 
1,39   1543072 
1,39   1546740 
1,39   1548624 
1,39   1550268 
1,39   1552140 
1,60   1555948 
1,60   1557764 
 2,0   1564332 
 2,0   1568132 
 2,1   1572180 
 2,1   1574204 
: 1,   1807468 
: 1,   1809664 
: 1,   1812736 
: 1,   1791680 
: 1,   1797092 
: 1,   1798828 
: 1,   1802744 
: 1,   1804364 
: 1,   1808032 
: 1,   1810892 
 1,2   2112428 
 1,3   2114084 
 1,3   2115712 
 1,4   2119536 
 1,2   2135132 
 1,3   2136660 
 1,3   2140432 
 1,3   2141944 
 1,3   2143564 
 1,4   2145216 
2,41   2078672 
2,41   2080416 
2,41   2082160 
1,74   2113768 
1,74   2117840 
1,76   2119832 
1,76   2123624 
1,76   2125492 
1,94   2127424 
1,83   2131300 
2,04   2132920 
2,04   2134796 
2,04   2136664 
 2,6   2155368 
 2,6   2158960 
 1,2   1861396 
 1,2   1865436 
 1,2   1867236 
 1,3   1903156 
 1,3   1905748 
 1,4   1909532 
 1,4   1911316 
 1,4   1913000 
 1,4   1915008 
 1,5   1917148 
 1,5   1921716 
